#! /c/Source/iverilog-install/bin/vvp
:ivl_version "12.0 (devel)" "(s20150603-1110-g18392a46)";
:ivl_delay_selection "TYPICAL";
:vpi_time_precision - 12;
:vpi_module "D:\iverilog\lib\ivl\system.vpi";
:vpi_module "D:\iverilog\lib\ivl\vhdl_sys.vpi";
:vpi_module "D:\iverilog\lib\ivl\vhdl_textio.vpi";
:vpi_module "D:\iverilog\lib\ivl\v2005_math.vpi";
:vpi_module "D:\iverilog\lib\ivl\va_math.vpi";
S_0000012fde3828a0 .scope module, "led_twinkle" "led_twinkle" 2 23;
 .timescale -9 -12;
    .port_info 0 /INPUT 1 "sys_clk";
    .port_info 1 /INPUT 1 "sys_rst_n";
    .port_info 2 /OUTPUT 2 "led";
L_0000012fde3ffc28 .functor BUFT 1, C4<01011111010111100001000000>, C4<0>, C4<0>, C4<0>;
v0000012fde382a30_0 .net/2u *"_ivl_0", 25 0, L_0000012fde3ffc28;  1 drivers
v0000012fde382ad0_0 .net *"_ivl_2", 0 0, L_0000012fde50ec00;  1 drivers
L_0000012fde3ffc70 .functor BUFT 1, C4<01>, C4<0>, C4<0>, C4<0>;
v0000012fde382b70_0 .net/2u *"_ivl_4", 1 0, L_0000012fde3ffc70;  1 drivers
L_0000012fde3ffcb8 .functor BUFT 1, C4<10>, C4<0>, C4<0>, C4<0>;
v0000012fde382c10_0 .net/2u *"_ivl_6", 1 0, L_0000012fde3ffcb8;  1 drivers
v0000012fde382cb0_0 .var "cnt", 25 0;
v0000012fde50ea20_0 .net "led", 1 0, L_0000012fde50eca0;  1 drivers
o0000012fde3b70d8 .functor BUFZ 1, C4<z>; HiZ drive
v0000012fde50eac0_0 .net "sys_clk", 0 0, o0000012fde3b70d8;  0 drivers
o0000012fde3b7108 .functor BUFZ 1, C4<z>; HiZ drive
v0000012fde50eb60_0 .net "sys_rst_n", 0 0, o0000012fde3b7108;  0 drivers
E_0000012fde5084b0/0 .event negedge, v0000012fde50eb60_0;
E_0000012fde5084b0/1 .event posedge, v0000012fde50eac0_0;
E_0000012fde5084b0 .event/or E_0000012fde5084b0/0, E_0000012fde5084b0/1;
L_0000012fde50ec00 .cmp/gt 26, L_0000012fde3ffc28, v0000012fde382cb0_0;
L_0000012fde50eca0 .functor MUXZ 2, L_0000012fde3ffcb8, L_0000012fde3ffc70, L_0000012fde50ec00, C4<>;
    .scope S_0000012fde3828a0;
T_0 ;
    %wait E_0000012fde5084b0;
    %load/vec4 v0000012fde50eb60_0;
    %nor/r;
    %flag_set/vec4 8;
    %jmp/0xz  T_0.0, 8;
    %pushi/vec4 0, 0, 26;
    %assign/vec4 v0000012fde382cb0_0, 0;
    %jmp T_0.1;
T_0.0 ;
    %load/vec4 v0000012fde382cb0_0;
    %cmpi/u 50000000, 0, 26;
    %jmp/0xz  T_0.2, 5;
    %load/vec4 v0000012fde382cb0_0;
    %addi 1, 0, 26;
    %assign/vec4 v0000012fde382cb0_0, 0;
    %jmp T_0.3;
T_0.2 ;
    %pushi/vec4 0, 0, 26;
    %assign/vec4 v0000012fde382cb0_0, 0;
T_0.3 ;
T_0.1 ;
    %jmp T_0;
    .thread T_0;
# The file index is used to find the file name in the following table.
:file_names 3;
    "N/A";
    "<interactive>";
    ".\led_twinkle.v";
